<?xml version="1.0" encoding="UTF-8"?>
<testng-results ignored="0" total="1" passed="1" failed="0" skipped="0">
  <reporter-output>
  </reporter-output>
  <suite started-at="2023-02-12T22:29:35 IST" name="Default suite" finished-at="2023-02-12T22:30:08 IST" duration-ms="33946">
    <groups>
    </groups>
    <test started-at="2023-02-12T22:29:35 IST" name="Default test" finished-at="2023-02-12T22:30:08 IST" duration-ms="33946">
      <class name="Com.flipkart.VerifyflipkartPlaceorderFunctionality">
        <test-method signature="placeOrder()[pri:0, instance:Com.flipkart.VerifyflipkartPlaceorderFunctionality@1b1473ab]" started-at="2023-02-12T22:29:35 IST" name="placeOrder" finished-at="2023-02-12T22:30:08 IST" duration-ms="33883" status="PASS">
          <reporter-output>
          </reporter-output>
        </test-method> <!-- placeOrder -->
      </class> <!-- Com.flipkart.VerifyflipkartPlaceorderFunctionality -->
    </test> <!-- Default test -->
  </suite> <!-- Default suite -->
</testng-results>
